Build started 2018-11-24 12:08:37.
     1>Project "c:\Users\s20041\documents\visual studio 2010\Projects\Zadanie19\Zadanie19\Zadanie19.vcxproj" on node 2 (build target(s)).
     1>InitializeBuildStatus:
         Creating "Debug\Zadanie19.unsuccessfulbuild" because "AlwaysCreate" was specified.
       ClCompile:
         All outputs are up-to-date.
         c:\Program Files (x86)\Microsoft Visual Studio 10.0\VC\bin\CL.exe /c /ZI /nologo /W3 /WX- /Od /Oy- /D WIN32 /D _DEBUG /D _CONSOLE /D _UNICODE /D UNICODE /Gm /EHsc /RTC1 /MDd /GS /fp:precise /Zc:wchar_t /Zc:forScope /Yu"StdAfx.h" /Fp"Debug\Zadanie19.pch" /Fo"Debug\\" /Fd"Debug\vc100.pdb" /Gd /TP /analyze- /errorReport:prompt Zadanie19.cpp
         Zadanie19.cpp
     1>c:\users\s20041\documents\visual studio 2010\projects\zadanie19\zadanie19\zadanie19.cpp(28): warning C4244: 'return' : conversion from 'double' to 'float', possible loss of data
     1>c:\users\s20041\documents\visual studio 2010\projects\zadanie19\zadanie19\zadanie19.cpp(32): warning C4244: 'return' : conversion from 'double' to 'float', possible loss of data
     1>c:\users\s20041\documents\visual studio 2010\projects\zadanie19\zadanie19\zadanie19.cpp(113): warning C4996: 'getch': The POSIX name for this item is deprecated. Instead, use the ISO C++ conformant name: _getch. See online help for details.
                 c:\program files (x86)\microsoft visual studio 10.0\vc\include\conio.h(128) : see declaration of 'getch'
       ManifestResourceCompile:
         All outputs are up-to-date.
       Link:
         c:\Program Files (x86)\Microsoft Visual Studio 10.0\VC\bin\link.exe /ERRORREPORT:PROMPT /OUT:"c:\users\s20041\documents\visual studio 2010\Projects\Zadanie19\Debug\Zadanie19.exe" /INCREMENTAL /NOLOGO kernel32.lib user32.lib gdi32.lib winspool.lib comdlg32.lib advapi32.lib shell32.lib ole32.lib oleaut32.lib uuid.lib odbc32.lib odbccp32.lib /MANIFEST /ManifestFile:"Debug\Zadanie19.exe.intermediate.manifest" /MANIFESTUAC:"level='asInvoker' uiAccess='false'" /DEBUG /PDB:"c:\users\s20041\documents\visual studio 2010\Projects\Zadanie19\Debug\Zadanie19.pdb" /SUBSYSTEM:CONSOLE /TLBID:1 /DYNAMICBASE /NXCOMPAT /IMPLIB:"c:\users\s20041\documents\visual studio 2010\Projects\Zadanie19\Debug\Zadanie19.lib" /MACHINE:X86 Debug\Zadanie19.exe.embed.manifest.res
         Debug\stdafx.obj
         Debug\Zadanie19.obj
       Manifest:
         c:\Program Files (x86)\Microsoft SDKs\Windows\v7.0A\bin\mt.exe /nologo /verbose /out:"Debug\Zadanie19.exe.embed.manifest" /manifest Debug\Zadanie19.exe.intermediate.manifest
         All outputs are up-to-date.
       LinkEmbedManifest:
         All outputs are up-to-date.
         Zadanie19.vcxproj -> c:\users\s20041\documents\visual studio 2010\Projects\Zadanie19\Debug\Zadanie19.exe
       FinalizeBuildStatus:
         Deleting file "Debug\Zadanie19.unsuccessfulbuild".
         Touching "Debug\Zadanie19.lastbuildstate".
     1>Done Building Project "c:\Users\s20041\documents\visual studio 2010\Projects\Zadanie19\Zadanie19\Zadanie19.vcxproj" (build target(s)).

Build succeeded.

Time Elapsed 00:00:00.90
